<?xml version="1.0" encoding="UTF-8"?>
<!-- Generated by org.testng.reporters.JUnitReportReporter -->
<testsuite skipped="0" hostname="DESKTOP-SVOPH10" name="com.webs.TableWordTest" tests="1" failures="0" timestamp="2020-12-13T22:10:29 EST" time="11.192" errors="0">
  <testcase name="mytest" time="11.192" classname="com.webs.TableWordTest"/>
  <system-out/>
</testsuite> <!-- com.webs.TableWordTest -->
